# JRE version: OpenJDK Runtime Environment (11.0.8+10) (build 11.0.8+10-b944.6842174)
# Java VM: OpenJDK 64-Bit Server VM (11.0.8+10-b944.6842174, mixed mode, tiered, compressed oops, g1 gc, windows-amd64)
Heap:
 garbage-first heap   total 264192K, used 153664K [0x00000000a0000000, 0x0000000100000000)
  region size 1024K, 8 young (8192K), 1 survivors (1024K)
 Metaspace       used 122080K, capacity 125863K, committed 126372K, reserved 1159168K
  class space    used 15542K, capacity 16918K, committed 17152K, reserved 1048576K
GC Heap History (20 events):
Event: 524.501 GC heap after
{Heap after GC invocations=40 (full 0):
 garbage-first heap   total 211968K, used 107903K [0x00000000a0000000, 0x0000000100000000)
  region size 1024K, 5 young (5120K), 5 survivors (5120K)
 Metaspace       used 119731K, capacity 123434K, committed 123684K, reserved 1157120K
  class space    used 15373K, capacity 16766K, committed 16768K, reserved 1048576K
}
Event: 526.284 GC heap before
{Heap before GC invocations=41 (full 0):
 garbage-first heap   total 211968K, used 186751K [0x00000000a0000000, 0x0000000100000000)
  region size 1024K, 71 young (72704K), 5 survivors (5120K)
 Metaspace       used 121183K, capacity 125084K, committed 125348K, reserved 1157120K
  class space    used 15599K, capacity 17028K, committed 17152K, reserved 1048576K
}
Event: 526.331 GC heap after
{Heap after GC invocations=42 (full 0):
 garbage-first heap   total 217088K, used 135450K [0x00000000a0000000, 0x0000000100000000)
  region size 1024K, 9 young (9216K), 9 survivors (9216K)
 Metaspace       used 121183K, capacity 125084K, committed 125348K, reserved 1157120K
  class space    used 15599K, capacity 17028K, committed 17152K, reserved 1048576K
}
Event: 526.441 GC heap before
{Heap before GC invocations=42 (full 0):
 garbage-first heap   total 217088K, used 138522K [0x00000000a0000000, 0x0000000100000000)
  region size 1024K, 14 young (14336K), 9 survivors (9216K)
 Metaspace       used 121190K, capacity 125088K, committed 125348K, reserved 1157120K
  class space    used 15599K, capacity 17028K, committed 17152K, reserved 1048576K
}
Event: 526.468 GC heap after
{Heap after GC invocations=43 (full 0):
 garbage-first heap   total 217088K, used 138865K [0x00000000a0000000, 0x0000000100000000)
  region size 1024K, 3 young (3072K), 3 survivors (3072K)
 Metaspace       used 121190K, capacity 125088K, committed 125348K, reserved 1157120K
  class space    used 15599K, capacity 17028K, committed 17152K, reserved 1048576K
}
Event: 527.803 GC heap before
{Heap before GC invocations=44 (full 0):
 garbage-first heap   total 217088K, used 167537K [0x00000000a0000000, 0x0000000100000000)
  region size 1024K, 29 young (29696K), 3 survivors (3072K)
 Metaspace       used 121280K, capacity 125227K, committed 125604K, reserved 1157120K
  class space    used 15599K, capacity 17028K, committed 17152K, reserved 1048576K
}
Event: 527.819 GC heap after
{Heap after GC invocations=45 (full 0):
 garbage-first heap   total 217088K, used 148446K [0x00000000a0000000, 0x0000000100000000)
  region size 1024K, 4 young (4096K), 4 survivors (4096K)
 Metaspace       used 121280K, capacity 125227K, committed 125604K, reserved 1157120K
  class space    used 15599K, capacity 17028K, committed 17152K, reserved 1048576K
}
Event: 527.956 GC heap before
{Heap before GC invocations=45 (full 0):
 garbage-first heap   total 217088K, used 158686K [0x00000000a0000000, 0x0000000100000000)
  region size 1024K, 10 young (10240K), 4 survivors (4096K)
 Metaspace       used 121363K, capacity 125253K, committed 125604K, reserved 1157120K
  class space    used 15600K, capacity 17028K, committed 17152K, reserved 1048576K
}
Event: 527.966 GC heap after
{Heap after GC invocations=46 (full 0):
 garbage-first heap   total 217088K, used 151078K [0x00000000a0000000, 0x0000000100000000)
  region size 1024K, 1 young (1024K), 1 survivors (1024K)
 Metaspace       used 121363K, capacity 125253K, committed 125604K, reserved 1157120K
  class space    used 15600K, capacity 17028K, committed 17152K, reserved 1048576K
}
Event: 528.364 GC heap before
{Heap before GC invocations=46 (full 0):
 garbage-first heap   total 217088K, used 158246K [0x00000000a0000000, 0x0000000100000000)
  region size 1024K, 9 young (9216K), 1 survivors (1024K)
 Metaspace       used 121491K, capacity 125404K, committed 125604K, reserved 1157120K
  class space    used 15601K, capacity 17030K, committed 17152K, reserved 1048576K
}
Event: 528.367 GC heap after
{Heap after GC invocations=47 (full 0):
 garbage-first heap   total 217088K, used 150851K [0x00000000a0000000, 0x0000000100000000)
  region size 1024K, 1 young (1024K), 1 survivors (1024K)
 Metaspace       used 121491K, capacity 125404K, committed 125604K, reserved 1157120K
  class space    used 15601K, capacity 17030K, committed 17152K, reserved 1048576K
}
Event: 529.306 GC heap before
{Heap before GC invocations=48 (full 0):
 garbage-first heap   total 217088K, used 187715K [0x00000000a0000000, 0x0000000100000000)
  region size 1024K, 24 young (24576K), 1 survivors (1024K)
 Metaspace       used 121310K, capacity 125092K, committed 125860K, reserved 1159168K
  class space    used 15508K, capacity 16860K, committed 17152K, reserved 1048576K
}
Event: 529.308 GC heap after
{Heap after GC invocations=49 (full 0):
 garbage-first heap   total 217088K, used 145787K [0x00000000a0000000, 0x0000000100000000)
  region size 1024K, 1 young (1024K), 1 survivors (1024K)
 Metaspace       used 121310K, capacity 125092K, committed 125860K, reserved 1159168K
  class space    used 15508K, capacity 16860K, committed 17152K, reserved 1048576K
}
Event: 556.256 GC heap before
{Heap before GC invocations=49 (full 0):
 garbage-first heap   total 264192K, used 259451K [0x00000000a0000000, 0x0000000100000000)
  region size 1024K, 10 young (10240K), 1 survivors (1024K)
 Metaspace       used 121378K, capacity 125100K, committed 125860K, reserved 1159168K
  class space    used 15511K, capacity 16861K, committed 17152K, reserved 1048576K
}
Event: 556.261 GC heap after
{Heap after GC invocations=50 (full 0):
 garbage-first heap   total 264192K, used 143171K [0x00000000a0000000, 0x0000000100000000)
  region size 1024K, 1 young (1024K), 1 survivors (1024K)
 Metaspace       used 121378K, capacity 125100K, committed 125860K, reserved 1159168K
  class space    used 15511K, capacity 16861K, committed 17152K, reserved 1048576K
}
Event: 750.152 GC heap before
{Heap before GC invocations=50 (full 0):
 garbage-first heap   total 264192K, used 199491K [0x00000000a0000000, 0x0000000100000000)
  region size 1024K, 57 young (58368K), 1 survivors (1024K)
 Metaspace       used 121688K, capacity 125480K, committed 126116K, reserved 1159168K
  class space    used 15527K, capacity 16889K, committed 17152K, reserved 1048576K
}
Event: 750.177 GC heap after
{Heap after GC invocations=51 (full 0):
 garbage-first heap   total 264192K, used 147685K [0x00000000a0000000, 0x0000000100000000)
  region size 1024K, 5 young (5120K), 5 survivors (5120K)
 Metaspace       used 121688K, capacity 125480K, committed 126116K, reserved 1159168K
  class space    used 15527K, capacity 16889K, committed 17152K, reserved 1048576K
}
Event: 761.148 GC heap before
{Heap before GC invocations=52 (full 0):
 garbage-first heap   total 264192K, used 198885K [0x00000000a0000000, 0x0000000100000000)
  region size 1024K, 62 young (63488K), 5 survivors (5120K)
 Metaspace       used 122042K, capacity 125857K, committed 126372K, reserved 1159168K
  class space    used 15542K, capacity 16917K, committed 17152K, reserved 1048576K
}
Event: 761.161 GC heap after
{Heap after GC invocations=53 (full 0):
 garbage-first heap   total 264192K, used 146527K [0x00000000a0000000, 0x0000000100000000)
  region size 1024K, 5 young (5120K), 5 survivors (5120K)
 Metaspace       used 122042K, capacity 125857K, committed 126372K, reserved 1159168K
  class space    used 15542K, capacity 16917K, committed 17152K, reserved 1048576K
}
Event: 761.302 GC heap before
{Heap before GC invocations=53 (full 0):
 garbage-first heap   total 264192K, used 152671K [0x00000000a0000000, 0x0000000100000000)
  region size 1024K, 12 young (12288K), 5 survivors (5120K)
 Metaspace       used 122080K, capacity 125863K, committed 126372K, reserved 1159168K
  class space    used 15542K, capacity 16918K, committed 17152K, reserved 1048576K
}

